<?xml version="1.0" encoding="UTF-8"?>
<testng-results ignored="0" total="1" passed="1" failed="0" skipped="0">
  <reporter-output>
  </reporter-output>
  <suite started-at="2026-04-05T08:41:35 NPT" name="Default suite" finished-at="2026-04-05T08:43:02 NPT" duration-ms="86319">
    <groups>
    </groups>
    <test started-at="2026-04-05T08:41:35 NPT" name="Default test" finished-at="2026-04-05T08:43:02 NPT" duration-ms="86319">
      <class name="com.expense.automation.RegisterTest">
        <test-method signature="userCanCreateAccount()[pri:0, instance:com.expense.automation.RegisterTest@75d4a5c2]" started-at="2026-04-05T08:41:35 NPT" name="userCanCreateAccount" finished-at="2026-04-05T08:43:02 NPT" duration-ms="86222" status="PASS">
          <reporter-output>
          </reporter-output>
        </test-method> <!-- userCanCreateAccount -->
      </class> <!-- com.expense.automation.RegisterTest -->
    </test> <!-- Default test -->
  </suite> <!-- Default suite -->
</testng-results>
